
// ==========================================================================
//  GPPG error listing for yacc source file <XTUMLOOAofOOAParser\XTUMLOOAofOOAParser.Language.grammar.y - 2022/05/17 10:59:37>
// ==========================================================================
//  Version:  1.5.2
//  DateTime: 2022/05/17 10:59:38
// ==========================================================================


%namespace Kae_XTUML_Tools_MetaModelGenerator.XTUMLOOAofOOAParser
%partial
%parsertype XTUMLOOAofOOAParserParser
%visibility internal
%tokentype Token
%{
// Copyright (c) Knowledge & Experience. All rights reserved.
// Licensed under the MIT license. See LICENSE file in the project root for full license information.
%}

%union { 
			public int n; 
			public string s; 
	   }

%start main

%token NUMBER
%token COMMA
%token EOS
%token CREATE
%token TABLE
%token ROP, REFID, FROM, TO, PHRASE, SQT
%token ELEM, REFNO
%token REMULT
%token POpen, PClose

%%
// Error: There are 2 non-terminating NonTerminal Symbols
   //  {rel_edge_phrase, PHRASEC}
// Warning: Terminating PHRASEC fixes the following size-2 NonTerminal set
   // {rel_edge_phrase, PHRASEC}
// Error: NonTerminal symbol "PHRASEC" has no productions
// -----------------------------------------------------------------------

main   : line_list
       ;
line_list	: line
		| line line_list
	;

line		: statement EOS
	;

statement : CREATE create_statement { Console.WriteLine("Rule => create:"); }
	;

create_statement : table_statement | rop_statememnt
	;

table_statement : TABLE elem attributes_def
		{
			Console.WriteLine("Rule => table_def : {0}", $2.s);
			RegisterObject($2.s);
		}
	;

rop_statememnt : ROP REFID REFNO rel_from_edge_def rel_to_edge_def
		{
			Console.WriteLine("Rule => rop_def : {0}", $3.s);
			RegisterRelationship($3.s);
		}
	;

attributes_def:	POpen attributes PClose
	;

attributes:	attribute | attribute COMMA attributes
	;

attribute : 
       | ELEM ELEM
		{
			Console.WriteLine("Rule -> attribute: {0}:{1}", $1.s, $2.s);
			AddAttribute($2.s, $1.s);
		}
       ;

elem :
	| ELEM
	{
		Console.WriteLine("Rule -> elem: {0}", $1.s);
		RegisterElement($1.s);
	}
	;

rel_from_edge_def :
		FROM rel_edge_def
		{
			Console.WriteLine("Rule => from def:");
			RegisterFromEdge();
		}
	;

rel_to_edge_def :
		TO rel_edge_def
		{
			Console.WriteLine("Rule => to def:");
			RegisterToEdge();
		}
	;



rel_edge_def :	rel_edge_base_def | rel_edge_base_def rel_edge_phrase
	;

rel_edge_base_def :
		REMULT ELEM POpen ref_attr_defs PClose
		{
			Console.WriteLine("Rule => rel edge object: {0}, mult:{1}", $2.s, $1.s);
			AddEdgeDef($2.s, $1.s);
		}
	;

rel_edge_phrase:
		PHRASE PHRASEC
		{
			Console.WriteLine("Rule => rel phrase: {0}", $2.s);
			RegisterPhrase($2.s);
		}
	;

ref_attr_defs :	ref_attr_def | ref_attr_def COMMA ref_attr_defs
	;

ref_attr_def :
		ELEM
		{
			Console.WriteLine("Rule => ref attr : {0}", $1.s);
			AddRefAttribute($1.s);
		}
	;
%%// ==========================================================================

